Using pre-set license
Built from '2021.1/release' branch; Version is '2021.1.0f1 (61a549675243) revision 6399305'; Using compiler version '192528614'; Build Type 'Release'
OS: 'Windows 10 Home; OS build 19041.867; Version 2004; 64bit' Language: 'en' Physical Memory: 32652 MB
BatchMode: 1, IsHumanControllingUs: 0, StartBugReporterOnCrash: 0, Is64bit: 1, IsPro: 0

 COMMAND LINE ARGUMENTS:
C:\Program Files\Unity\Hub\Editor\2021.1.0f1\Editor\Unity.exe
-adb2
-batchMode
-noUpm
-name
AssetImportWorker0
-projectPath
C:/Users/Sebastian/Documents/UnityVolumeRendering
-logFile
Logs/AssetImportWorker0.log
-srvPort
57644
Successfully changed project path to: C:/Users/Sebastian/Documents/UnityVolumeRendering
C:/Users/Sebastian/Documents/UnityVolumeRendering
Using Asset Import Pipeline V2.
Refreshing native plugins compatible for Editor in 53.10 ms, found 0 plugins.
Preloading 0 native plugins for Editor in 0.00 ms.
Initialize engine version: 2021.1.0f1 (61a549675243)
[Subsystems] Discovering subsystems at path C:/Program Files/Unity/Hub/Editor/2021.1.0f1/Editor/Data/Resources/UnitySubsystems
[Subsystems] Discovering subsystems at path C:/Users/Sebastian/Documents/UnityVolumeRendering/Assets
GfxDevice: creating device client; threaded=0; jobified=0
Direct3D:
    Version:  Direct3D 11.0 [level 11.1]
    Renderer: NVIDIA GeForce RTX 2080 Ti (ID=0x1e07)
    Vendor:   NVIDIA
    VRAM:     11048 MB
    Driver:   27.21.14.6140
Shader 'Universal Render Pipeline/Particles/Lit': fallback shader 'Universal Render Pipeline/Particles/SimpleLit' not found
Initialize mono
Mono path[0] = 'C:/Program Files/Unity/Hub/Editor/2021.1.0f1/Editor/Data/Managed'
Mono path[1] = 'C:/Program Files/Unity/Hub/Editor/2021.1.0f1/Editor/Data/MonoBleedingEdge/lib/mono/unityjit'
Mono config path = 'C:/Program Files/Unity/Hub/Editor/2021.1.0f1/Editor/Data/MonoBleedingEdge/etc'
Using monoOptions --debugger-agent=transport=dt_socket,embedding=1,server=y,suspend=n,address=127.0.0.1:56216
Begin MonoManager ReloadAssembly
Registering precompiled unity dll's ...
Register platform support module: C:/Program Files/Unity/Hub/Editor/2021.1.0f1/Editor/Data/PlaybackEngines/WindowsStandaloneSupport/UnityEditor.WindowsStandalone.Extensions.dll
Register platform support module: C:/Program Files/Unity/Hub/Editor/2021.1.0f1/Editor/Data/PlaybackEngines/LinuxStandaloneSupport/UnityEditor.LinuxStandalone.Extensions.dll
Registered in 0.001914 seconds.
Native extension for LinuxStandalone target not found
Native extension for WindowsStandalone target not found
Refreshing native plugins compatible for Editor in 48.32 ms, found 0 plugins.
Preloading 0 native plugins for Editor in 0.00 ms.
Mono: successfully reloaded assembly
- Completed reload, in  0.983 seconds
Platform modules already initialized, skipping
Registering precompiled user dll's ...
Registered in 0.003403 seconds.
Begin MonoManager ReloadAssembly
Native extension for LinuxStandalone target not found
Native extension for WindowsStandalone target not found
Refreshing native plugins compatible for Editor in 48.48 ms, found 0 plugins.
Preloading 0 native plugins for Editor in 0.00 ms.
Mono: successfully reloaded assembly
- Completed reload, in  0.886 seconds
Platform modules already initialized, skipping
========================================================================
Worker process is ready to serve import requests
Shader 'Universal Render Pipeline/Particles/Lit': fallback shader 'Universal Render Pipeline/Particles/SimpleLit' not found
Launched and connected shader compiler UnityShaderCompiler.exe after 0.04 seconds
Refreshing native plugins compatible for Editor in 0.58 ms, found 0 plugins.
Preloading 0 native plugins for Editor in 0.00 ms.
Unloading 3093 Unused Serialized files (Serialized files now loaded: 0)
System memory in use before: 128.7 MB.
System memory in use after: 128.9 MB.

Unloading 42 unused Assets to reduce memory usage. Loaded Objects now: 3523.
Total: 5.121000 ms (FindLiveObjects: 0.277000 ms CreateObjectMapping: 0.186400 ms MarkObjects: 4.596100 ms  DeleteObjects: 0.057400 ms)

========================================================================
Received Import Request.
  path: Assets/Scenes/TestScene
  artifactKey: Guid(29a40318a6c9fd941b4986edacd68efb) Importer(815301076,1909f56bfc062723c751e8b465ee728b)
Start importing Assets/Scenes/TestScene using Guid(29a40318a6c9fd941b4986edacd68efb) Importer(815301076,1909f56bfc062723c751e8b465ee728b)  -> (artifact id: '25c2b405e3b834c1faef9e45eadc7116') in 0.008796 seconds 
========================================================================
Received Import Request.
  Time since last request: 0.000235 seconds.
  path: Assets/Scenes/TestScene.unity
  artifactKey: Guid(99c9720ab356a0642a771bea13969a05) Importer(815301076,1909f56bfc062723c751e8b465ee728b)
Start importing Assets/Scenes/TestScene.unity using Guid(99c9720ab356a0642a771bea13969a05) Importer(815301076,1909f56bfc062723c751e8b465ee728b)  -> (artifact id: '1c1df1fd67050d5a67cbaed0312095cc') in 0.011847 seconds 
========================================================================
Received Import Request.
  Time since last request: 0.754269 seconds.
  path: Assets/Scenes/TestScene/LightingData.asset
  artifactKey: Guid(ef4cb984d052d724a949a176fafbc5c9) Importer(815301076,1909f56bfc062723c751e8b465ee728b)
Start importing Assets/Scenes/TestScene/LightingData.asset using Guid(ef4cb984d052d724a949a176fafbc5c9) Importer(815301076,1909f56bfc062723c751e8b465ee728b)  -> (artifact id: 'e422e05cc5f81412594f5789cce7e3ee') in 0.029582 seconds 
========================================================================
Received Import Request.
  Time since last request: 0.672401 seconds.
  path: Assets/Scenes/TestScene/ReflectionProbe-0.exr
  artifactKey: Guid(f3dec54174bfd2846b683b54b28b195a) Importer(815301076,1909f56bfc062723c751e8b465ee728b)
Start importing Assets/Scenes/TestScene/ReflectionProbe-0.exr using Guid(f3dec54174bfd2846b683b54b28b195a) Importer(815301076,1909f56bfc062723c751e8b465ee728b)  -> (artifact id: 'a2f5ee6106db47c734b6225762d09862') in 0.081566 seconds 
========================================================================
Received Import Request.
  Time since last request: 1.956850 seconds.
  path: Assets/Scenes/TestScene/ReflectionProbe-1.exr
  artifactKey: Guid(2a2cc7300f690ad428d2612501d98361) Importer(815301076,1909f56bfc062723c751e8b465ee728b)
Start importing Assets/Scenes/TestScene/ReflectionProbe-1.exr using Guid(2a2cc7300f690ad428d2612501d98361) Importer(815301076,1909f56bfc062723c751e8b465ee728b)  -> (artifact id: '8bcfdd1dff4fa39999d4c9c7b5a87423') in 0.015075 seconds 
========================================================================
Received Import Request.
  Time since last request: 159.620789 seconds.
  path: Assets/Scenes/Volume Rendering.unity
  artifactKey: Guid(17e7550ad88ede041bb9afa29e56182b) Importer(815301076,1909f56bfc062723c751e8b465ee728b)
Start importing Assets/Scenes/Volume Rendering.unity using Guid(17e7550ad88ede041bb9afa29e56182b) Importer(815301076,1909f56bfc062723c751e8b465ee728b)  -> (artifact id: 'e5b855cc69991bb08c8a449d21cb3fe1') in 0.007209 seconds 
========================================================================
Received Prepare
Registering precompiled user dll's ...
Registered in 0.003548 seconds.
Begin MonoManager ReloadAssembly
Native extension for LinuxStandalone target not found
Native extension for WindowsStandalone target not found
Refreshing native plugins compatible for Editor in 0.62 ms, found 0 plugins.
Preloading 0 native plugins for Editor in 0.00 ms.
Mono: successfully reloaded assembly
- Completed reload, in  0.826 seconds
Platform modules already initialized, skipping
Shader 'Universal Render Pipeline/Particles/Lit': fallback shader 'Universal Render Pipeline/Particles/SimpleLit' not found
Refreshing native plugins compatible for Editor in 0.58 ms, found 0 plugins.
Preloading 0 native plugins for Editor in 0.00 ms.
Unloading 3023 Unused Serialized files (Serialized files now loaded: 0)
System memory in use before: 128.4 MB.
System memory in use after: 128.6 MB.

Unloading 37 unused Assets to reduce memory usage. Loaded Objects now: 3586.
Total: 4.541100 ms (FindLiveObjects: 0.253800 ms CreateObjectMapping: 0.155400 ms MarkObjects: 4.109400 ms  DeleteObjects: 0.021600 ms)

